[debug] [2025-02-11T11:48:20.577Z] [Firebase Plugin] Activating Firebase extension.
[info] [Firebase Plugin] Checked firebase-tools, is up to date!
[debug] [2025-02-11T11:48:45.099Z] [Firebase Plugin] Value of process.env.MONOSPACE_ENV: undefined
[debug] [2025-02-11T11:48:45.114Z] [Firebase Plugin] requireAuthWrapper
[debug] [2025-02-11T11:48:45.233Z] > command requires scopes: ["email","openid","https://www.googleapis.com/auth/cloudplatformprojects.readonly","https://www.googleapis.com/auth/firebase","https://www.googleapis.com/auth/cloud-platform"]
[debug] [2025-02-11T11:48:45.235Z] > authorizing via signed-in user (noumankhateeb.office@gmail.com)
[debug] [2025-02-11T11:48:45.238Z] Checked if tokens are valid: false, expires at: 1739262379478
[debug] [2025-02-11T11:48:45.240Z] Checked if tokens are valid: false, expires at: 1739262379478
[debug] [2025-02-11T11:48:45.242Z] > refreshing access token with scopes: []
[debug] [2025-02-11T11:48:45.251Z] >>> [apiv2][query] POST https://www.googleapis.com/oauth2/v3/token [none]
[debug] [2025-02-11T11:48:45.251Z] >>> [apiv2][body] POST https://www.googleapis.com/oauth2/v3/token [omitted]
[debug] [2025-02-11T11:48:45.266Z] [Firebase Plugin] Value of process.env.MONOSPACE_ENV: undefined
[debug] [2025-02-11T11:48:45.309Z] [Firebase Plugin] requireAuthWrapper
[debug] [2025-02-11T11:48:45.320Z] > command requires scopes: ["email","openid","https://www.googleapis.com/auth/cloudplatformprojects.readonly","https://www.googleapis.com/auth/firebase","https://www.googleapis.com/auth/cloud-platform"]
[debug] [2025-02-11T11:48:45.321Z] > authorizing via signed-in user (noumankhateeb.office@gmail.com)
[debug] [2025-02-11T11:48:45.324Z] Checked if tokens are valid: false, expires at: 1739262379478
[debug] [2025-02-11T11:48:45.325Z] Checked if tokens are valid: false, expires at: 1739262379478
[debug] [2025-02-11T11:48:45.325Z] > refreshing access token with scopes: []
[debug] [2025-02-11T11:48:45.332Z] >>> [apiv2][query] POST https://www.googleapis.com/oauth2/v3/token [none]
[debug] [2025-02-11T11:48:45.333Z] >>> [apiv2][body] POST https://www.googleapis.com/oauth2/v3/token [omitted]
[info] [Firebase Plugin] Starting Data Connect toolkit (version 1.7.7) on port 50002
[debug] [2025-02-11T11:48:47.006Z] Ignoring unsupported arg: auto_download {"metadata":{"emulator":{"name":"dataconnect"},"message":"Ignoring unsupported arg: auto_download"}}
[debug] [2025-02-11T11:48:47.007Z] Ignoring unsupported arg: port {"metadata":{"emulator":{"name":"dataconnect"},"message":"Ignoring unsupported arg: port"}}
[debug] [2025-02-11T11:48:47.008Z] Starting Data Connect Emulator with command {"binary":"C:\\Users\\Nouman Khateeb\\.cache\\firebase\\emulators\\dataconnect-emulator-1.7.7.exe","args":["--logtostderr","-v=2","dev","--listen=localhost:50002","--config_dir=e:\\rikskampen\\dataconnect","--enable_output_schema_extensions=true","--enable_output_generated_sdk=true"],"optionalArgs":["listen","config_dir","enable_output_schema_extensions","enable_output_generated_sdk"],"joinArgs":true,"shell":false,"port":9399} {"metadata":{"emulator":{"name":"dataconnect"},"message":"Starting Data Connect Emulator with command {\"binary\":\"C:\\\\Users\\\\Nouman Khateeb\\\\.cache\\\\firebase\\\\emulators\\\\dataconnect-emulator-1.7.7.exe\",\"args\":[\"--logtostderr\",\"-v=2\",\"dev\",\"--listen=localhost:50002\",\"--config_dir=e:\\\\rikskampen\\\\dataconnect\",\"--enable_output_schema_extensions=true\",\"--enable_output_generated_sdk=true\"],\"optionalArgs\":[\"listen\",\"config_dir\",\"enable_output_schema_extensions\",\"enable_output_generated_sdk\"],\"joinArgs\":true,\"shell\":false,\"port\":9399}"}}
[info] i  dataconnect: Data Connect Emulator logging to dataconnect-debug.log {"metadata":{"emulator":{"name":"dataconnect"},"message":"Data Connect Emulator logging to \u001b[1mdataconnect-debug.log\u001b[22m"}}
[debug] [2025-02-11T11:48:47.667Z] <<< [apiv2][status] POST https://www.googleapis.com/oauth2/v3/token 200
[debug] [2025-02-11T11:48:47.668Z] <<< [apiv2][body] POST https://www.googleapis.com/oauth2/v3/token [omitted]
[debug] [2025-02-11T11:48:47.891Z] [Firebase Plugin] User found:  noumankhateeb.office@gmail.com
[info] [Firebase Plugin] (Core:Project) New user detected, fetching projects
[debug] [2025-02-11T11:48:47.900Z] Checked if tokens are valid: true, expires at: 1739278126670
[debug] [2025-02-11T11:48:47.908Z] >>> [apiv2][query] GET https://firebase.googleapis.com/v1beta1/projects pageSize=1000
[debug] [2025-02-11T11:48:47.938Z] <<< [apiv2][status] POST https://www.googleapis.com/oauth2/v3/token 200
[debug] [2025-02-11T11:48:47.938Z] <<< [apiv2][body] POST https://www.googleapis.com/oauth2/v3/token [omitted]
[debug] [2025-02-11T11:48:48.124Z] [Firebase Plugin] User found:  noumankhateeb.office@gmail.com
[info] [Firebase Plugin] (Core:Project) New user detected, fetching projects
[debug] [2025-02-11T11:48:48.216Z] Checked if tokens are valid: true, expires at: 1739278126939
[debug] [2025-02-11T11:48:48.219Z] >>> [apiv2][query] GET https://firebase.googleapis.com/v1beta1/projects pageSize=1000
[debug] [2025-02-11T11:48:49.485Z] <<< [apiv2][status] GET https://firebase.googleapis.com/v1beta1/projects 200
[debug] [2025-02-11T11:48:49.488Z] <<< [apiv2][body] GET https://firebase.googleapis.com/v1beta1/projects [omitted]
[debug] [2025-02-11T11:48:49.938Z] <<< [apiv2][status] GET https://firebase.googleapis.com/v1beta1/projects 200
[debug] [2025-02-11T11:48:49.940Z] <<< [apiv2][body] GET https://firebase.googleapis.com/v1beta1/projects [omitted]
[debug] [2025-02-11T11:48:50.005Z] I0211 16:48:50.003886   11568 load.go:37] Reloading schema and connectors...
 {"metadata":{"emulator":{"name":"dataconnect"},"message":"I0211 16:48:50.003886   11568 load.go:37] Reloading schema and connectors...\n"}}
[debug] [2025-02-11T11:48:50.025Z] E0211 16:48:50.024884   11568 load.go:69] Could not generate extensions: rpc error: code = NotFound desc = no schema found for service "rikskampens". No service has a schema.
E0211 16:48:50.025881   11568 load.go:79] Could not load sources: <nil>
 {"metadata":{"emulator":{"name":"dataconnect"},"message":"E0211 16:48:50.024884   11568 load.go:69] Could not generate extensions: rpc error: code = NotFound desc = no schema found for service \"rikskampens\". No service has a schema.\nE0211 16:48:50.025881   11568 load.go:79] Could not load sources: <nil>\n"}}
[debug] [2025-02-11T11:48:50.042Z] I0211 16:48:50.042973   11568 collector.go:107] schema extensions wrote into "e:\\rikskampen\\dataconnect\\.dataconnect\\schema"
Generated sources: prelude.gql [65151B] 
I0211 16:48:50.042973   11568 load.go:80] Finished reloading
 {"metadata":{"emulator":{"name":"dataconnect"},"message":"I0211 16:48:50.042973   11568 collector.go:107] schema extensions wrote into \"e:\\\\rikskampen\\\\dataconnect\\\\.dataconnect\\\\schema\"\nGenerated sources: prelude.gql [65151B] \nI0211 16:48:50.042973   11568 load.go:80] Finished reloading\n"}}
[debug] [2025-02-11T11:48:51.041Z] I0211 16:48:51.040655   11568 dev.go:95] Listening on address (HTTP + gRPC): 127.0.0.1:50002
 {"metadata":{"emulator":{"name":"dataconnect"},"message":"I0211 16:48:51.040655   11568 dev.go:95] Listening on address (HTTP + gRPC): 127.0.0.1:50002\n"}}
[error] [Firebase Plugin] error:  {}
[debug] [2025-02-11T11:57:33.277Z] I0211 16:57:33.276129   11568 load.go:37] Reloading schema and connectors...
 {"metadata":{"emulator":{"name":"dataconnect"},"message":"I0211 16:57:33.276129   11568 load.go:37] Reloading schema and connectors...\n"}}
[debug] [2025-02-11T11:57:33.281Z] E0211 16:57:33.281180   11568 load.go:69] Could not generate extensions: rpc error: code = NotFound desc = no schema found for service "rikskampens". No service has a schema.
E0211 16:57:33.281180   11568 load.go:79] Could not load sources: <nil>
 {"metadata":{"emulator":{"name":"dataconnect"},"message":"E0211 16:57:33.281180   11568 load.go:69] Could not generate extensions: rpc error: code = NotFound desc = no schema found for service \"rikskampens\". No service has a schema.\nE0211 16:57:33.281180   11568 load.go:79] Could not load sources: <nil>\n"}}
[debug] [2025-02-11T11:57:33.285Z] I0211 16:57:33.284141   11568 collector.go:107] schema extensions wrote into "e:\\rikskampen\\dataconnect\\.dataconnect\\schema"
Generated sources: prelude.gql [65151B] 
 {"metadata":{"emulator":{"name":"dataconnect"},"message":"I0211 16:57:33.284141   11568 collector.go:107] schema extensions wrote into \"e:\\\\rikskampen\\\\dataconnect\\\\.dataconnect\\\\schema\"\nGenerated sources: prelude.gql [65151B] \n"}}
[debug] [2025-02-11T11:57:33.286Z] I0211 16:57:33.285136   11568 load.go:80] Finished reloading
 {"metadata":{"emulator":{"name":"dataconnect"},"message":"I0211 16:57:33.285136   11568 load.go:80] Finished reloading\n"}}
[debug] [2025-02-11T12:03:22.606Z] I0211 17:03:22.562993   11568 load.go:37] Reloading schema and connectors...
E0211 17:03:22.565833   11568 load.go:69] Could not generate extensions: rpc error: code = NotFound desc = no schema found for service "rikskampens". No service has a schema.
E0211 17:03:22.565833   11568 load.go:79] Could not load sources: <nil>
 {"metadata":{"emulator":{"name":"dataconnect"},"message":"I0211 17:03:22.562993   11568 load.go:37] Reloading schema and connectors...\nE0211 17:03:22.565833   11568 load.go:69] Could not generate extensions: rpc error: code = NotFound desc = no schema found for service \"rikskampens\". No service has a schema.\nE0211 17:03:22.565833   11568 load.go:79] Could not load sources: <nil>\n"}}
[debug] [2025-02-11T12:03:22.694Z] I0211 17:03:22.694317   11568 collector.go:107] schema extensions wrote into "e:\\rikskampen\\dataconnect\\.dataconnect\\schema"
Generated sources: prelude.gql [65151B] 
 {"metadata":{"emulator":{"name":"dataconnect"},"message":"I0211 17:03:22.694317   11568 collector.go:107] schema extensions wrote into \"e:\\\\rikskampen\\\\dataconnect\\\\.dataconnect\\\\schema\"\nGenerated sources: prelude.gql [65151B] \n"}}
[debug] [2025-02-11T12:03:22.695Z] I0211 17:03:22.694317   11568 load.go:80] Finished reloading
 {"metadata":{"emulator":{"name":"dataconnect"},"message":"I0211 17:03:22.694317   11568 load.go:80] Finished reloading\n"}}
[debug] [2025-02-11T12:03:33.896Z] I0211 17:03:33.896113   11568 load.go:37] Reloading schema and connectors...
 {"metadata":{"emulator":{"name":"dataconnect"},"message":"I0211 17:03:33.896113   11568 load.go:37] Reloading schema and connectors...\n"}}
[debug] [2025-02-11T12:03:33.911Z] E0211 17:03:33.911193   11568 load.go:69] Could not generate extensions: rpc error: code = NotFound desc = no schema found for service "rikskampens". No service has a schema.
E0211 17:03:33.911193   11568 load.go:79] Could not load sources: <nil>
 {"metadata":{"emulator":{"name":"dataconnect"},"message":"E0211 17:03:33.911193   11568 load.go:69] Could not generate extensions: rpc error: code = NotFound desc = no schema found for service \"rikskampens\". No service has a schema.\nE0211 17:03:33.911193   11568 load.go:79] Could not load sources: <nil>\n"}}
[debug] [2025-02-11T12:03:34.030Z] I0211 17:03:34.030311   11568 collector.go:107] schema extensions wrote into "e:\\rikskampen\\dataconnect\\.dataconnect\\schema"
Generated sources: prelude.gql [65151B] 
 {"metadata":{"emulator":{"name":"dataconnect"},"message":"I0211 17:03:34.030311   11568 collector.go:107] schema extensions wrote into \"e:\\\\rikskampen\\\\dataconnect\\\\.dataconnect\\\\schema\"\nGenerated sources: prelude.gql [65151B] \n"}}
[debug] [2025-02-11T12:03:34.036Z] I0211 17:03:34.030850   11568 load.go:80] Finished reloading
 {"metadata":{"emulator":{"name":"dataconnect"},"message":"I0211 17:03:34.030850   11568 load.go:80] Finished reloading\n"}}
[error] [Firebase Plugin] error:  {}
[debug] [2025-02-11T12:05:15.750Z] I0211 17:05:15.750828   11568 load.go:37] Reloading schema and connectors...
 {"metadata":{"emulator":{"name":"dataconnect"},"message":"I0211 17:05:15.750828   11568 load.go:37] Reloading schema and connectors...\n"}}
[debug] [2025-02-11T12:05:15.771Z] E0211 17:05:15.771714   11568 load.go:69] Could not generate extensions: rpc error: code = NotFound desc = no schema found for service "rikskampens". No service has a schema.
E0211 17:05:15.771714   11568 load.go:79] Could not load sources: <nil>
 {"metadata":{"emulator":{"name":"dataconnect"},"message":"E0211 17:05:15.771714   11568 load.go:69] Could not generate extensions: rpc error: code = NotFound desc = no schema found for service \"rikskampens\". No service has a schema.\nE0211 17:05:15.771714   11568 load.go:79] Could not load sources: <nil>\n"}}
[debug] [2025-02-11T12:05:15.903Z] I0211 17:05:15.903066   11568 collector.go:107] schema extensions wrote into "e:\\rikskampen\\dataconnect\\.dataconnect\\schema"
Generated sources: prelude.gql [65151B] 
 {"metadata":{"emulator":{"name":"dataconnect"},"message":"I0211 17:05:15.903066   11568 collector.go:107] schema extensions wrote into \"e:\\\\rikskampen\\\\dataconnect\\\\.dataconnect\\\\schema\"\nGenerated sources: prelude.gql [65151B] \n"}}
[debug] [2025-02-11T12:05:15.904Z] I0211 17:05:15.903066   11568 load.go:80] Finished reloading
 {"metadata":{"emulator":{"name":"dataconnect"},"message":"I0211 17:05:15.903066   11568 load.go:80] Finished reloading\n"}}
[debug] [2025-02-11T12:06:31.023Z] I0211 17:06:31.023525   11568 load.go:37] Reloading schema and connectors...
 {"metadata":{"emulator":{"name":"dataconnect"},"message":"I0211 17:06:31.023525   11568 load.go:37] Reloading schema and connectors...\n"}}
[debug] [2025-02-11T12:06:31.033Z] E0211 17:06:31.033007   11568 load.go:69] Could not generate extensions: rpc error: code = NotFound desc = no schema found for service "rikskampens". No service has a schema.
E0211 17:06:31.033007   11568 load.go:79] Could not load sources: <nil>
 {"metadata":{"emulator":{"name":"dataconnect"},"message":"E0211 17:06:31.033007   11568 load.go:69] Could not generate extensions: rpc error: code = NotFound desc = no schema found for service \"rikskampens\". No service has a schema.\nE0211 17:06:31.033007   11568 load.go:79] Could not load sources: <nil>\n"}}
[debug] [2025-02-11T12:06:31.039Z] I0211 17:06:31.039305   11568 collector.go:107] schema extensions wrote into "e:\\rikskampen\\dataconnect\\.dataconnect\\schema"
Generated sources: prelude.gql [65151B] 
 {"metadata":{"emulator":{"name":"dataconnect"},"message":"I0211 17:06:31.039305   11568 collector.go:107] schema extensions wrote into \"e:\\\\rikskampen\\\\dataconnect\\\\.dataconnect\\\\schema\"\nGenerated sources: prelude.gql [65151B] \n"}}
[debug] [2025-02-11T12:06:31.041Z] I0211 17:06:31.039836   11568 load.go:80] Finished reloading
 {"metadata":{"emulator":{"name":"dataconnect"},"message":"I0211 17:06:31.039836   11568 load.go:80] Finished reloading\n"}}
[debug] [2025-02-11T12:07:25.734Z] I0211 17:07:25.733730   11568 load.go:37] Reloading schema and connectors...
 {"metadata":{"emulator":{"name":"dataconnect"},"message":"I0211 17:07:25.733730   11568 load.go:37] Reloading schema and connectors...\n"}}
[debug] [2025-02-11T12:07:25.767Z] E0211 17:07:25.766067   11568 load.go:69] Could not generate extensions: rpc error: code = NotFound desc = no schema found for service "rikskampens". No service has a schema.
 {"metadata":{"emulator":{"name":"dataconnect"},"message":"E0211 17:07:25.766067   11568 load.go:69] Could not generate extensions: rpc error: code = NotFound desc = no schema found for service \"rikskampens\". No service has a schema.\n"}}
[debug] [2025-02-11T12:07:25.777Z] E0211 17:07:25.766067   11568 load.go:79] Could not load sources: <nil>
 {"metadata":{"emulator":{"name":"dataconnect"},"message":"E0211 17:07:25.766067   11568 load.go:79] Could not load sources: <nil>\n"}}
[debug] [2025-02-11T12:07:25.784Z] I0211 17:07:25.783821   11568 collector.go:107] schema extensions wrote into "e:\\rikskampen\\dataconnect\\.dataconnect\\schema"
Generated sources: prelude.gql [65151B] 
 {"metadata":{"emulator":{"name":"dataconnect"},"message":"I0211 17:07:25.783821   11568 collector.go:107] schema extensions wrote into \"e:\\\\rikskampen\\\\dataconnect\\\\.dataconnect\\\\schema\"\nGenerated sources: prelude.gql [65151B] \n"}}
[debug] [2025-02-11T12:07:25.793Z] I0211 17:07:25.783821   11568 load.go:80] Finished reloading
 {"metadata":{"emulator":{"name":"dataconnect"},"message":"I0211 17:07:25.783821   11568 load.go:80] Finished reloading\n"}}
[error] [Firebase Plugin] error:  {}
[debug] [2025-02-11T12:08:19.333Z] I0211 17:08:19.333069   11568 load.go:37] Reloading schema and connectors...
 {"metadata":{"emulator":{"name":"dataconnect"},"message":"I0211 17:08:19.333069   11568 load.go:37] Reloading schema and connectors...\n"}}
[debug] [2025-02-11T12:08:19.579Z] I0211 17:08:19.578939   11568 control.go:59] [/emulator/rikskampens b17f] UpdateResources(): done
Schema: sources: schema\schema.gql [3049B] 
Connector "default": sources: connector\mutations.gql [1233B] connector\queries.gql [1802B] 
 {"metadata":{"emulator":{"name":"dataconnect"},"message":"I0211 17:08:19.578939   11568 control.go:59] [/emulator/rikskampens b17f] UpdateResources(): done\nSchema: sources: schema\\schema.gql [3049B] \nConnector \"default\": sources: connector\\mutations.gql [1233B] connector\\queries.gql [1802B] \n"}}
[debug] [2025-02-11T12:08:19.737Z] I0211 17:08:19.737425   11568 codegen.go:82] [connector "default" javascriptSdk] Generating sources into "e:\\rikskampen\\dataconnect-generated\\js\\default-connector"
 {"metadata":{"emulator":{"name":"dataconnect"},"message":"I0211 17:08:19.737425   11568 codegen.go:82] [connector \"default\" javascriptSdk] Generating sources into \"e:\\\\rikskampen\\\\dataconnect-generated\\\\js\\\\default-connector\"\n"}}
[debug] [2025-02-11T12:08:19.802Z] I0211 17:08:19.802454   11568 collector.go:107] schema extensions wrote into "e:\\rikskampen\\dataconnect\\.dataconnect\\schema"
Generated sources: prelude.gql [65151B] main\mutation.gql [3161B] main\input.gql [22605B] main\query.gql [1014B] 
 {"metadata":{"emulator":{"name":"dataconnect"},"message":"I0211 17:08:19.802454   11568 collector.go:107] schema extensions wrote into \"e:\\\\rikskampen\\\\dataconnect\\\\.dataconnect\\\\schema\"\nGenerated sources: prelude.gql [65151B] main\\mutation.gql [3161B] main\\input.gql [22605B] main\\query.gql [1014B] \n"}}
[debug] [2025-02-11T12:08:19.883Z] I0211 17:08:19.883638   11568 collector.go:107] connector "default" javascriptSdk wrote into "e:\\rikskampen\\dataconnect-generated\\js\\default-connector"
Generated sources: esm\package.json [17B] package.json [836B] README.md [2740B] index.d.ts [337B] esm\index.esm.js [171B] index.cjs.js [212B] react\index.d.ts [128B] react\package.json [468B] react\esm\package.json [17B] react\index.cjs.js [102B] react\esm\index.esm.js [93B] 
 {"metadata":{"emulator":{"name":"dataconnect"},"message":"I0211 17:08:19.883638   11568 collector.go:107] connector \"default\" javascriptSdk wrote into \"e:\\\\rikskampen\\\\dataconnect-generated\\\\js\\\\default-connector\"\nGenerated sources: esm\\package.json [17B] package.json [836B] README.md [2740B] index.d.ts [337B] esm\\index.esm.js [171B] index.cjs.js [212B] react\\index.d.ts [128B] react\\package.json [468B] react\\esm\\package.json [17B] react\\index.cjs.js [102B] react\\esm\\index.esm.js [93B] \n"}}
[debug] [2025-02-11T12:08:20.704Z] I0211 17:08:20.703756   11568 installsdk.go:76] Running command: C:\Program Files\nodejs\npm.cmd install file:dataconnect-generated\js\default-connector
 {"metadata":{"emulator":{"name":"dataconnect"},"message":"I0211 17:08:20.703756   11568 installsdk.go:76] Running command: C:\\Program Files\\nodejs\\npm.cmd install file:dataconnect-generated\\js\\default-connector\n"}}
[debug] [2025-02-11T12:08:34.544Z] I0211 17:08:34.536627   11568 load.go:115] Finished reloading
 {"metadata":{"emulator":{"name":"dataconnect"},"message":"I0211 17:08:34.536627   11568 load.go:115] Finished reloading\n"}}
[debug] [2025-02-11T12:08:40.025Z] I0211 17:08:40.025083   11568 engine.go:148] [/emulator/rikskampens b17f] ExecuteGraphqlRead IntrospectionQuery: succeeded. 
 {"metadata":{"emulator":{"name":"dataconnect"},"message":"I0211 17:08:40.025083   11568 engine.go:148] [/emulator/rikskampens b17f] ExecuteGraphqlRead IntrospectionQuery: succeeded. \n"}}
[debug] [2025-02-11T12:08:47.201Z] I0211 17:08:47.201016   11568 engine.go:148] [/emulator/rikskampens b17f] ExecuteGraphqlRead IntrospectionQuery: succeeded. 
 {"metadata":{"emulator":{"name":"dataconnect"},"message":"I0211 17:08:47.201016   11568 engine.go:148] [/emulator/rikskampens b17f] ExecuteGraphqlRead IntrospectionQuery: succeeded. \n"}}
[debug] [2025-02-11T12:09:46.603Z] I0211 17:09:46.603853   11568 engine.go:148] [/emulator/rikskampens b17f] ExecuteGraphqlRead IntrospectionQuery: succeeded. 
 {"metadata":{"emulator":{"name":"dataconnect"},"message":"I0211 17:09:46.603853   11568 engine.go:148] [/emulator/rikskampens b17f] ExecuteGraphqlRead IntrospectionQuery: succeeded. \n"}}
[debug] [2025-02-11T12:09:50.782Z] >>> [apiv2][query] GET http://127.0.0.1:4400/emulators [none]
[debug] [2025-02-11T12:09:50.833Z] <<< [apiv2][status] GET http://127.0.0.1:4400/emulators 200
[debug] [2025-02-11T12:09:50.833Z] <<< [apiv2][body] GET http://127.0.0.1:4400/emulators {"hub":{"listen":[{"address":"127.0.0.1","family":"IPv4","port":4400},{"address":"::1","family":"IPv6","port":4400}],"name":"hub","host":"127.0.0.1","port":4400},"logging":{"listen":[{"address":"127.0.0.1","family":"IPv4","port":4500}],"name":"logging","host":"127.0.0.1","port":4500},"dataconnect":{"listen":[{"address":"127.0.0.1","family":"IPv4","port":9399},{"address":"::1","family":"IPv6","port":9399}],"name":"dataconnect","host":"127.0.0.1","port":9399,"pid":14080,"timeout":10000}}
[debug] [2025-02-11T12:09:50.853Z] >>> [apiv2][query] POST http://127.0.0.1:9399/v1beta/projects/rikskampen-75ff9/locations/europe-west1/services/rikskampens:executeGraphql [none]
[debug] [2025-02-11T12:09:50.853Z] >>> [apiv2][body] POST http://127.0.0.1:9399/v1beta/projects/rikskampen-75ff9/locations/europe-west1/services/rikskampens:executeGraphql {"variables":{},"query":"# This is a file for you to write an un-named mutation. \n# Only one un-named mutation is allowed per file.\nmutation {\n  user_insert(\n    data: {id: \"11111111222233334444555555555555\", acceptedGdpr: false, address: \"\", age: 0, agent: \"\", apiKey: \"\", apiToken: \"\", avatar: \"\", cardBrand: \"\", cardLastFour: \"\", city: \"\", country: 0, createdAt: \"\", deletedAt: \"\", designation: \"\", district: \"\", dob: \"\", email: \"\", emailSent: 0, emailVerifiedAt: \"\", height: \"\", heightUnit: \"\", ipAddress: \"\", isAnonymized: false, lockoutTime: 0, mobile: \"\", name: \"\", nationalId: 0, partnerId: 0, password: \"\", permissions: \"\", phone: \"\", photo: \"\", rememberToken: \"\", roleId: 0, settings: \"\", sex: \"\", state: \"\", status: \"\", street: \"\", stripeId: \"\", token: \"\", tokenValidity: \"\", trialEndsAt: \"\", updatedAt: \"\", waist: 0, waistUnit: \"\", web: \"\", weight: \"\", weightUnit: \"\"}\n  )\n}","name":"projects/rikskampen-75ff9/locations/europe-west1/services/rikskampens","extensions":{}}
[debug] [2025-02-11T12:09:50.931Z] <<< [apiv2][status] POST http://127.0.0.1:9399/v1beta/projects/rikskampen-75ff9/locations/europe-west1/services/rikskampens:executeGraphql 200
[debug] [2025-02-11T12:09:50.932Z] <<< [apiv2][body] POST http://127.0.0.1:9399/v1beta/projects/rikskampen-75ff9/locations/europe-west1/services/rikskampens:executeGraphql {"data":{"user_insert":{"id":"11111111222233334444555555555555"}},"errors":[]}
[debug] [2025-02-11T12:09:51.593Z] I0211 17:09:51.592515   11568 engine.go:148] [/emulator/rikskampens b17f] ExecuteGraphqlRead IntrospectionQuery: succeeded. 
 {"metadata":{"emulator":{"name":"dataconnect"},"message":"I0211 17:09:51.592515   11568 engine.go:148] [/emulator/rikskampens b17f] ExecuteGraphqlRead IntrospectionQuery: succeeded. \n"}}
[debug] [2025-02-11T12:09:52.137Z] I0211 17:09:52.137134   11568 engine.go:148] [/emulator/rikskampens b17f] ExecuteGraphqlRead IntrospectionQuery: succeeded. 
 {"metadata":{"emulator":{"name":"dataconnect"},"message":"I0211 17:09:52.137134   11568 engine.go:148] [/emulator/rikskampens b17f] ExecuteGraphqlRead IntrospectionQuery: succeeded. \n"}}
[debug] [2025-02-11T12:09:52.198Z] I0211 17:09:52.198136   11568 engine.go:148] [/emulator/rikskampens b17f] ExecuteGraphqlRead IntrospectionQuery: succeeded. 
 {"metadata":{"emulator":{"name":"dataconnect"},"message":"I0211 17:09:52.198136   11568 engine.go:148] [/emulator/rikskampens b17f] ExecuteGraphqlRead IntrospectionQuery: succeeded. \n"}}
[debug] [2025-02-11T12:09:52.312Z] I0211 17:09:52.312045   11568 engine.go:148] [/emulator/rikskampens b17f] ExecuteGraphqlRead IntrospectionQuery: succeeded. 
 {"metadata":{"emulator":{"name":"dataconnect"},"message":"I0211 17:09:52.312045   11568 engine.go:148] [/emulator/rikskampens b17f] ExecuteGraphqlRead IntrospectionQuery: succeeded. \n"}}
[debug] [2025-02-11T12:09:52.346Z] I0211 17:09:52.346046   11568 engine.go:148] [/emulator/rikskampens b17f] ExecuteGraphqlRead IntrospectionQuery: succeeded. 
 {"metadata":{"emulator":{"name":"dataconnect"},"message":"I0211 17:09:52.346046   11568 engine.go:148] [/emulator/rikskampens b17f] ExecuteGraphqlRead IntrospectionQuery: succeeded. \n"}}
[debug] [2025-02-11T12:09:52.356Z] I0211 17:09:52.356045   11568 engine.go:148] [/emulator/rikskampens b17f] ExecuteGraphqlRead IntrospectionQuery: succeeded. 
 {"metadata":{"emulator":{"name":"dataconnect"},"message":"I0211 17:09:52.356045   11568 engine.go:148] [/emulator/rikskampens b17f] ExecuteGraphqlRead IntrospectionQuery: succeeded. \n"}}
[debug] [2025-02-11T12:09:52.548Z] I0211 17:09:52.548112   11568 engine.go:148] [/emulator/rikskampens b17f] ExecuteGraphqlRead IntrospectionQuery: succeeded. 
 {"metadata":{"emulator":{"name":"dataconnect"},"message":"I0211 17:09:52.548112   11568 engine.go:148] [/emulator/rikskampens b17f] ExecuteGraphqlRead IntrospectionQuery: succeeded. \n"}}
[debug] [2025-02-11T12:09:52.817Z] I0211 17:09:52.817748   11568 engine.go:148] [/emulator/rikskampens b17f] ExecuteGraphqlRead IntrospectionQuery: succeeded. 
 {"metadata":{"emulator":{"name":"dataconnect"},"message":"I0211 17:09:52.817748   11568 engine.go:148] [/emulator/rikskampens b17f] ExecuteGraphqlRead IntrospectionQuery: succeeded. \n"}}
[debug] [2025-02-11T12:11:07.153Z] Checked if tokens are valid: true, expires at: 1739278126939
[debug] [2025-02-11T12:11:07.155Z] >>> [apiv2][query] POST https://firebasedataconnect.googleapis.com/v1beta/projects/rikskampen-75ff9/locations/europe-west1/services/rikskampens:executeGraphql [none]
[debug] [2025-02-11T12:11:07.156Z] >>> [apiv2][body] POST https://firebasedataconnect.googleapis.com/v1beta/projects/rikskampen-75ff9/locations/europe-west1/services/rikskampens:executeGraphql {"variables":{},"query":"\n# This is a file for you to write an un-named query.\n# Only one un-named query is allowed per file.\nquery {\n  users{\n    roleId\n    name\n    email\n    lockoutTime\n    avatar\n    photo\n    password\n    apiToken\n    apiKey\n    token\n    tokenValidity\n    rememberToken\n    settings\n    designation\n    sex\n    dob\n    age\n    mobile\n    phone\n    address\n    street\n    city\n    district\n    state\n    country\n    nationalId\n    height\n    heightUnit\n    weight\n    weightUnit\n    waist\n    waistUnit\n    status\n    acceptedGdpr\n    emailSent\n    emailVerifiedAt\n    permissions\n    partnerId\n    web\n    ipAddress\n    agent\n    isAnonymized\n    deletedAt\n    createdAt\n    updatedAt\n    stripeId\n    cardBrand\n    cardLastFour\n    trialEndsAt\n  }\n}","name":"projects/rikskampen-75ff9/locations/europe-west1/services/rikskampens","extensions":{}}
[debug] [2025-02-11T12:11:08.216Z] <<< [apiv2][status] POST https://firebasedataconnect.googleapis.com/v1beta/projects/rikskampen-75ff9/locations/europe-west1/services/rikskampens:executeGraphql 200
[debug] [2025-02-11T12:11:08.217Z] <<< [apiv2][body] POST https://firebasedataconnect.googleapis.com/v1beta/projects/rikskampen-75ff9/locations/europe-west1/services/rikskampens:executeGraphql {"errors":[{"message":"Cannot query field \"users\" on type \"Query\".","locations":[{"line":5,"column":3}],"extensions":{"file":"input"}}]}
[debug] [2025-02-11T12:11:24.834Z] >>> [apiv2][query] POST http://127.0.0.1:9399/v1beta/projects/rikskampen-75ff9/locations/europe-west1/services/rikskampens:executeGraphql [none]
[debug] [2025-02-11T12:11:24.835Z] >>> [apiv2][body] POST http://127.0.0.1:9399/v1beta/projects/rikskampen-75ff9/locations/europe-west1/services/rikskampens:executeGraphql {"variables":{},"query":"\n# This is a file for you to write an un-named query.\n# Only one un-named query is allowed per file.\nquery {\n  users{\n    roleId\n    name\n    email\n    lockoutTime\n    avatar\n    photo\n    password\n    apiToken\n    apiKey\n    token\n    tokenValidity\n    rememberToken\n    settings\n    designation\n    sex\n    dob\n    age\n    mobile\n    phone\n    address\n    street\n    city\n    district\n    state\n    country\n    nationalId\n    height\n    heightUnit\n    weight\n    weightUnit\n    waist\n    waistUnit\n    status\n    acceptedGdpr\n    emailSent\n    emailVerifiedAt\n    permissions\n    partnerId\n    web\n    ipAddress\n    agent\n    isAnonymized\n    deletedAt\n    createdAt\n    updatedAt\n    stripeId\n    cardBrand\n    cardLastFour\n    trialEndsAt\n  }\n}","name":"projects/rikskampen-75ff9/locations/europe-west1/services/rikskampens","extensions":{}}
[debug] [2025-02-11T12:11:24.893Z] <<< [apiv2][status] POST http://127.0.0.1:9399/v1beta/projects/rikskampen-75ff9/locations/europe-west1/services/rikskampens:executeGraphql 200
[debug] [2025-02-11T12:11:24.894Z] <<< [apiv2][body] POST http://127.0.0.1:9399/v1beta/projects/rikskampen-75ff9/locations/europe-west1/services/rikskampens:executeGraphql {"data":{"users":[{"acceptedGdpr":false,"address":"","age":0,"agent":"","apiKey":"","apiToken":"","avatar":"","cardBrand":"","cardLastFour":"","city":"","country":0,"createdAt":"","deletedAt":"","designation":"","district":"","dob":"","email":"","emailSent":0,"emailVerifiedAt":"","height":"","heightUnit":"","ipAddress":"","isAnonymized":false,"lockoutTime":0,"mobile":"","name":"","nationalId":0,"partnerId":0,"password":"","permissions":"","phone":"","photo":"","rememberToken":"","roleId":0,"settings":"","sex":"","state":"","status":"","street":"","stripeId":"","token":"","tokenValidity":"","trialEndsAt":"","updatedAt":"","waist":0,"waistUnit":"","web":"","weight":"","weightUnit":""}]},"errors":[]}
[debug] [2025-02-11T12:13:09.320Z] >>> [apiv2][query] POST http://127.0.0.1:9399/v1beta/projects/rikskampen-75ff9/locations/europe-west1/services/rikskampens:executeGraphql [none]
[debug] [2025-02-11T12:13:09.321Z] >>> [apiv2][body] POST http://127.0.0.1:9399/v1beta/projects/rikskampen-75ff9/locations/europe-west1/services/rikskampens:executeGraphql {"variables":{},"query":"\n# This is a file for you to write an un-named query.\n# Only one un-named query is allowed per file.\nquery {\n  users{\n    roleId\n    name\n    email\n    lockoutTime\n    avatar\n    photo\n    password\n    apiToken\n    apiKey\n    token\n    tokenValidity\n    rememberToken\n    settings\n    designation\n    sex\n    dob\n    age\n    mobile\n    phone\n    address\n    street\n    city\n    district\n    state\n    country\n    nationalId\n    height\n    heightUnit\n    weight\n    weightUnit\n    waist\n    waistUnit\n    status\n    acceptedGdpr\n    emailSent\n    emailVerifiedAt\n    permissions\n    partnerId\n    web\n    ipAddress\n    agent\n    isAnonymized\n    deletedAt\n    createdAt\n    updatedAt\n    stripeId\n    cardBrand\n    cardLastFour\n    trialEndsAt\n  }\n}","name":"projects/rikskampen-75ff9/locations/europe-west1/services/rikskampens","extensions":{}}
[debug] [2025-02-11T12:13:09.397Z] <<< [apiv2][status] POST http://127.0.0.1:9399/v1beta/projects/rikskampen-75ff9/locations/europe-west1/services/rikskampens:executeGraphql 200
[debug] [2025-02-11T12:13:09.399Z] <<< [apiv2][body] POST http://127.0.0.1:9399/v1beta/projects/rikskampen-75ff9/locations/europe-west1/services/rikskampens:executeGraphql {"data":{"users":[{"acceptedGdpr":false,"address":"","age":0,"agent":"","apiKey":"","apiToken":"","avatar":"","cardBrand":"","cardLastFour":"","city":"","country":0,"createdAt":"","deletedAt":"","designation":"","district":"","dob":"","email":"","emailSent":0,"emailVerifiedAt":"","height":"","heightUnit":"","ipAddress":"","isAnonymized":false,"lockoutTime":0,"mobile":"","name":"","nationalId":0,"partnerId":0,"password":"","permissions":"","phone":"","photo":"","rememberToken":"","roleId":0,"settings":"","sex":"","state":"","status":"","street":"","stripeId":"","token":"","tokenValidity":"","trialEndsAt":"","updatedAt":"","waist":0,"waistUnit":"","web":"","weight":"","weightUnit":""}]},"errors":[]}
[debug] [2025-02-11T12:13:18.420Z] >>> [apiv2][query] POST http://127.0.0.1:9399/v1beta/projects/rikskampen-75ff9/locations/europe-west1/services/rikskampens:executeGraphql [none]
[debug] [2025-02-11T12:13:18.422Z] >>> [apiv2][body] POST http://127.0.0.1:9399/v1beta/projects/rikskampen-75ff9/locations/europe-west1/services/rikskampens:executeGraphql {"variables":{},"query":"# This is a file for you to write an un-named mutation. \n# Only one un-named mutation is allowed per file.\nmutation {\n  user_insert(\n    data: {id: \"11111111222233334444555555555555\", acceptedGdpr: false, address: \"\", age: 0, agent: \"\", apiKey: \"\", apiToken: \"\", avatar: \"\", cardBrand: \"\", cardLastFour: \"\", city: \"\", country: 0, createdAt: \"\", deletedAt: \"\", designation: \"\", district: \"\", dob: \"\", email: \"\", emailSent: 0, emailVerifiedAt: \"\", height: \"\", heightUnit: \"\", ipAddress: \"\", isAnonymized: false, lockoutTime: 0, mobile: \"\", name: \"\", nationalId: 0, partnerId: 0, password: \"\", permissions: \"\", phone: \"\", photo: \"\", rememberToken: \"\", roleId: 0, settings: \"\", sex: \"\", state: \"\", status: \"\", street: \"\", stripeId: \"\", token: \"\", tokenValidity: \"\", trialEndsAt: \"\", updatedAt: \"\", waist: 0, waistUnit: \"\", web: \"\", weight: \"\", weightUnit: \"\"}\n  )\n}","name":"projects/rikskampen-75ff9/locations/europe-west1/services/rikskampens","extensions":{}}
[debug] [2025-02-11T12:13:18.494Z] <<< [apiv2][status] POST http://127.0.0.1:9399/v1beta/projects/rikskampen-75ff9/locations/europe-west1/services/rikskampens:executeGraphql 200
[debug] [2025-02-11T12:13:18.497Z] <<< [apiv2][body] POST http://127.0.0.1:9399/v1beta/projects/rikskampen-75ff9/locations/europe-west1/services/rikskampens:executeGraphql {"data":{"user_insert":null},"errors":[{"message":"SQL query error: pq: duplicate key value violates unique constraint \"user_pkey\"\nWITH  \"user_insert_temp\"  AS (INSERT INTO  \"public\".\"user\"  ( \"accepted_gdpr\" , \"address\" , \"age\" , \"agent\" , \"api_key\" , \"api_token\" , \"avatar\" , \"card_brand\" , \"card_last_four\" , \"city\" , \"country\" , \"created_at\" , \"deleted_at\" , \"designation\" , \"district\" , \"dob\" , \"email\" , \"email_sent\" , \"email_verified_at\" , \"height\" , \"height_unit\" , \"id\" , \"ip_address\" , \"is_anonymized\" , \"lockout_time\" , \"mobile\" , \"name\" , \"national_id\" , \"partner_id\" , \"password\" , \"permissions\" , \"phone\" , \"photo\" , \"remember_token\" , \"role_id\" , \"settings\" , \"sex\" , \"state\" , \"status\" , \"street\" , \"stripe_id\" , \"token\" , \"token_validity\" , \"trial_ends_at\" , \"updated_at\" , \"waist\" , \"waist_unit\" , \"web\" , \"weight\" , \"weight_unit\" ) VALUES (false,'',0,'','','','','','','',0,'','','','','','',0,'','','','11111111-2222-3333-4444-555555555555'::uuid,'',false,0,'','',0,0,'','','','','',0,'','','','','','','','','','',0::double precision,'','','','') RETURNING jsonb_build_object('id', REPLACE(CAST(( \"id\" ) AS text), '-', '')) AS j) SELECT * FROM  \"user_insert_temp\" \nParams: []","locations":[],"path":["user_insert"],"extensions":null}]}
[debug] [2025-02-11T12:13:23.255Z] >>> [apiv2][query] POST http://127.0.0.1:9399/v1beta/projects/rikskampen-75ff9/locations/europe-west1/services/rikskampens:executeGraphql [none]
[debug] [2025-02-11T12:13:23.256Z] >>> [apiv2][body] POST http://127.0.0.1:9399/v1beta/projects/rikskampen-75ff9/locations/europe-west1/services/rikskampens:executeGraphql {"variables":{},"query":"# This is a file for you to write an un-named mutation. \n# Only one un-named mutation is allowed per file.\nmutation {\n  user_insert(\n    data: {id: \"11111111222233334444555555555555\", acceptedGdpr: false, address: \"\", age: 0, agent: \"\", apiKey: \"\", apiToken: \"\", avatar: \"\", cardBrand: \"\", cardLastFour: \"\", city: \"\", country: 0, createdAt: \"\", deletedAt: \"\", designation: \"\", district: \"\", dob: \"\", email: \"\", emailSent: 0, emailVerifiedAt: \"\", height: \"\", heightUnit: \"\", ipAddress: \"\", isAnonymized: false, lockoutTime: 0, mobile: \"\", name: \"\", nationalId: 0, partnerId: 0, password: \"\", permissions: \"\", phone: \"\", photo: \"\", rememberToken: \"\", roleId: 0, settings: \"\", sex: \"\", state: \"\", status: \"\", street: \"\", stripeId: \"\", token: \"\", tokenValidity: \"\", trialEndsAt: \"\", updatedAt: \"\", waist: 0, waistUnit: \"\", web: \"\", weight: \"\", weightUnit: \"\"}\n  )\n}","name":"projects/rikskampen-75ff9/locations/europe-west1/services/rikskampens","extensions":{}}
[debug] [2025-02-11T12:13:23.425Z] *** [apiv2] error from fetch(http://127.0.0.1:9399/v1beta/projects/rikskampen-75ff9/locations/europe-west1/services/rikskampens:executeGraphql, {"headers":{},"method":"POST","body":"{\"variables\":{},\"query\":\"# This is a file for you to write an un-named mutation. \\n# Only one un-named mutation is allowed per file.\\nmutation {\\n  user_insert(\\n    data: {id: \\\"11111111222233334444555555555555\\\", acceptedGdpr: false, address: \\\"\\\", age: 0, agent: \\\"\\\", apiKey: \\\"\\\", apiToken: \\\"\\\", avatar: \\\"\\\", cardBrand: \\\"\\\", cardLastFour: \\\"\\\", city: \\\"\\\", country: 0, createdAt: \\\"\\\", deletedAt: \\\"\\\", designation: \\\"\\\", district: \\\"\\\", dob: \\\"\\\", email: \\\"\\\", emailSent: 0, emailVerifiedAt: \\\"\\\", height: \\\"\\\", heightUnit: \\\"\\\", ipAddress: \\\"\\\", isAnonymized: false, lockoutTime: 0, mobile: \\\"\\\", name: \\\"\\\", nationalId: 0, partnerId: 0, password: \\\"\\\", permissions: \\\"\\\", phone: \\\"\\\", photo: \\\"\\\", rememberToken: \\\"\\\", roleId: 0, settings: \\\"\\\", sex: \\\"\\\", state: \\\"\\\", status: \\\"\\\", street: \\\"\\\", stripeId: \\\"\\\", token: \\\"\\\", tokenValidity: \\\"\\\", trialEndsAt: \\\"\\\", updatedAt: \\\"\\\", waist: 0, waistUnit: \\\"\\\", web: \\\"\\\", weight: \\\"\\\", weightUnit: \\\"\\\"}\\n  )\\n}\",\"name\":\"projects/rikskampen-75ff9/locations/europe-west1/services/rikskampens\",\"extensions\":{}}"}): FetchError: request to http://127.0.0.1:9399/v1beta/projects/rikskampen-75ff9/locations/europe-west1/services/rikskampens:executeGraphql failed, reason: read ECONNRESET
[debug] [2025-02-11T12:13:33.000Z] >>> [apiv2][query] POST http://127.0.0.1:9399/v1beta/projects/rikskampen-75ff9/locations/europe-west1/services/rikskampens:executeGraphql [none]
[debug] [2025-02-11T12:13:33.001Z] >>> [apiv2][body] POST http://127.0.0.1:9399/v1beta/projects/rikskampen-75ff9/locations/europe-west1/services/rikskampens:executeGraphql {"variables":{},"query":"\n# This is a file for you to write an un-named query.\n# Only one un-named query is allowed per file.\nquery {\n  users{\n    roleId\n    name\n    email\n    lockoutTime\n    avatar\n    photo\n    password\n    apiToken\n    apiKey\n    token\n    tokenValidity\n    rememberToken\n    settings\n    designation\n    sex\n    dob\n    age\n    mobile\n    phone\n    address\n    street\n    city\n    district\n    state\n    country\n    nationalId\n    height\n    heightUnit\n    weight\n    weightUnit\n    waist\n    waistUnit\n    status\n    acceptedGdpr\n    emailSent\n    emailVerifiedAt\n    permissions\n    partnerId\n    web\n    ipAddress\n    agent\n    isAnonymized\n    deletedAt\n    createdAt\n    updatedAt\n    stripeId\n    cardBrand\n    cardLastFour\n    trialEndsAt\n  }\n}","name":"projects/rikskampen-75ff9/locations/europe-west1/services/rikskampens","extensions":{}}
[debug] [2025-02-11T12:13:33.022Z] *** [apiv2] error from fetch(http://127.0.0.1:9399/v1beta/projects/rikskampen-75ff9/locations/europe-west1/services/rikskampens:executeGraphql, {"headers":{},"method":"POST","body":"{\"variables\":{},\"query\":\"\\n# This is a file for you to write an un-named query.\\n# Only one un-named query is allowed per file.\\nquery {\\n  users{\\n    roleId\\n    name\\n    email\\n    lockoutTime\\n    avatar\\n    photo\\n    password\\n    apiToken\\n    apiKey\\n    token\\n    tokenValidity\\n    rememberToken\\n    settings\\n    designation\\n    sex\\n    dob\\n    age\\n    mobile\\n    phone\\n    address\\n    street\\n    city\\n    district\\n    state\\n    country\\n    nationalId\\n    height\\n    heightUnit\\n    weight\\n    weightUnit\\n    waist\\n    waistUnit\\n    status\\n    acceptedGdpr\\n    emailSent\\n    emailVerifiedAt\\n    permissions\\n    partnerId\\n    web\\n    ipAddress\\n    agent\\n    isAnonymized\\n    deletedAt\\n    createdAt\\n    updatedAt\\n    stripeId\\n    cardBrand\\n    cardLastFour\\n    trialEndsAt\\n  }\\n}\",\"name\":\"projects/rikskampen-75ff9/locations/europe-west1/services/rikskampens\",\"extensions\":{}}"}): FetchError: request to http://127.0.0.1:9399/v1beta/projects/rikskampen-75ff9/locations/europe-west1/services/rikskampens:executeGraphql failed, reason: connect ECONNREFUSED 127.0.0.1:9399
[debug] [2025-02-11T12:22:12.713Z] >>> [apiv2][query] POST http://127.0.0.1:9399/v1beta/projects/rikskampen-75ff9/locations/europe-west1/services/rikskampens:executeGraphql [none]
[debug] [2025-02-11T12:22:12.714Z] >>> [apiv2][body] POST http://127.0.0.1:9399/v1beta/projects/rikskampen-75ff9/locations/europe-west1/services/rikskampens:executeGraphql {"variables":{},"query":"\n# This is a file for you to write an un-named query.\n# Only one un-named query is allowed per file.\nquery {\n  users{\n    roleId\n    name\n    email\n    lockoutTime\n    avatar\n    photo\n    password\n    apiToken\n    apiKey\n    token\n    tokenValidity\n    rememberToken\n    settings\n    designation\n    sex\n    dob\n    age\n    mobile\n    phone\n    address\n    street\n    city\n    district\n    state\n    country\n    nationalId\n    height\n    heightUnit\n    weight\n    weightUnit\n    waist\n    waistUnit\n    status\n    acceptedGdpr\n    emailSent\n    emailVerifiedAt\n    permissions\n    partnerId\n    web\n    ipAddress\n    agent\n    isAnonymized\n    deletedAt\n    createdAt\n    updatedAt\n    stripeId\n    cardBrand\n    cardLastFour\n    trialEndsAt\n  }\n}","name":"projects/rikskampen-75ff9/locations/europe-west1/services/rikskampens","extensions":{}}
[debug] [2025-02-11T12:22:12.736Z] *** [apiv2] error from fetch(http://127.0.0.1:9399/v1beta/projects/rikskampen-75ff9/locations/europe-west1/services/rikskampens:executeGraphql, {"headers":{},"method":"POST","body":"{\"variables\":{},\"query\":\"\\n# This is a file for you to write an un-named query.\\n# Only one un-named query is allowed per file.\\nquery {\\n  users{\\n    roleId\\n    name\\n    email\\n    lockoutTime\\n    avatar\\n    photo\\n    password\\n    apiToken\\n    apiKey\\n    token\\n    tokenValidity\\n    rememberToken\\n    settings\\n    designation\\n    sex\\n    dob\\n    age\\n    mobile\\n    phone\\n    address\\n    street\\n    city\\n    district\\n    state\\n    country\\n    nationalId\\n    height\\n    heightUnit\\n    weight\\n    weightUnit\\n    waist\\n    waistUnit\\n    status\\n    acceptedGdpr\\n    emailSent\\n    emailVerifiedAt\\n    permissions\\n    partnerId\\n    web\\n    ipAddress\\n    agent\\n    isAnonymized\\n    deletedAt\\n    createdAt\\n    updatedAt\\n    stripeId\\n    cardBrand\\n    cardLastFour\\n    trialEndsAt\\n  }\\n}\",\"name\":\"projects/rikskampen-75ff9/locations/europe-west1/services/rikskampens\",\"extensions\":{}}"}): FetchError: request to http://127.0.0.1:9399/v1beta/projects/rikskampen-75ff9/locations/europe-west1/services/rikskampens:executeGraphql failed, reason: connect ECONNREFUSED 127.0.0.1:9399
[debug] [2025-02-11T12:22:26.669Z] I0211 17:22:26.669117   11568 engine.go:148] [/emulator/rikskampens b17f] ExecuteGraphqlRead IntrospectionQuery: succeeded. 
 {"metadata":{"emulator":{"name":"dataconnect"},"message":"I0211 17:22:26.669117   11568 engine.go:148] [/emulator/rikskampens b17f] ExecuteGraphqlRead IntrospectionQuery: succeeded. \n"}}
[debug] [2025-02-11T12:22:31.320Z] I0211 17:22:31.320758   11568 engine.go:148] [/emulator/rikskampens b17f] ExecuteGraphqlRead IntrospectionQuery: succeeded. 
 {"metadata":{"emulator":{"name":"dataconnect"},"message":"I0211 17:22:31.320758   11568 engine.go:148] [/emulator/rikskampens b17f] ExecuteGraphqlRead IntrospectionQuery: succeeded. \n"}}
[debug] [2025-02-11T12:22:40.755Z] >>> [apiv2][query] POST http://127.0.0.1:9399/v1beta/projects/rikskampen-75ff9/locations/europe-west1/services/rikskampens:executeGraphql [none]
[debug] [2025-02-11T12:22:40.756Z] >>> [apiv2][body] POST http://127.0.0.1:9399/v1beta/projects/rikskampen-75ff9/locations/europe-west1/services/rikskampens:executeGraphql {"variables":{},"query":"# This is a file for you to write an un-named mutation. \n# Only one un-named mutation is allowed per file.\nmutation {\n  user_insert(\n    data: {id: \"11111111222233334444555555555556\", acceptedGdpr: false, address: \"\", age: 0, agent: \"\", apiKey: \"\", apiToken: \"\", avatar: \"\", cardBrand: \"\", cardLastFour: \"\", city: \"\", country: 0, createdAt: \"\", deletedAt: \"\", designation: \"\", district: \"\", dob: \"\", email: \"\", emailSent: 0, emailVerifiedAt: \"\", height: \"\", heightUnit: \"\", ipAddress: \"\", isAnonymized: false, lockoutTime: 0, mobile: \"\", name: \"\", nationalId: 0, partnerId: 0, password: \"\", permissions: \"\", phone: \"\", photo: \"\", rememberToken: \"\", roleId: 0, settings: \"\", sex: \"\", state: \"\", status: \"\", street: \"\", stripeId: \"\", token: \"\", tokenValidity: \"\", trialEndsAt: \"\", updatedAt: \"\", waist: 0, waistUnit: \"\", web: \"\", weight: \"\", weightUnit: \"\"}\n  )\n}","name":"projects/rikskampen-75ff9/locations/europe-west1/services/rikskampens","extensions":{}}
[debug] [2025-02-11T12:22:40.772Z] *** [apiv2] error from fetch(http://127.0.0.1:9399/v1beta/projects/rikskampen-75ff9/locations/europe-west1/services/rikskampens:executeGraphql, {"headers":{},"method":"POST","body":"{\"variables\":{},\"query\":\"# This is a file for you to write an un-named mutation. \\n# Only one un-named mutation is allowed per file.\\nmutation {\\n  user_insert(\\n    data: {id: \\\"11111111222233334444555555555556\\\", acceptedGdpr: false, address: \\\"\\\", age: 0, agent: \\\"\\\", apiKey: \\\"\\\", apiToken: \\\"\\\", avatar: \\\"\\\", cardBrand: \\\"\\\", cardLastFour: \\\"\\\", city: \\\"\\\", country: 0, createdAt: \\\"\\\", deletedAt: \\\"\\\", designation: \\\"\\\", district: \\\"\\\", dob: \\\"\\\", email: \\\"\\\", emailSent: 0, emailVerifiedAt: \\\"\\\", height: \\\"\\\", heightUnit: \\\"\\\", ipAddress: \\\"\\\", isAnonymized: false, lockoutTime: 0, mobile: \\\"\\\", name: \\\"\\\", nationalId: 0, partnerId: 0, password: \\\"\\\", permissions: \\\"\\\", phone: \\\"\\\", photo: \\\"\\\", rememberToken: \\\"\\\", roleId: 0, settings: \\\"\\\", sex: \\\"\\\", state: \\\"\\\", status: \\\"\\\", street: \\\"\\\", stripeId: \\\"\\\", token: \\\"\\\", tokenValidity: \\\"\\\", trialEndsAt: \\\"\\\", updatedAt: \\\"\\\", waist: 0, waistUnit: \\\"\\\", web: \\\"\\\", weight: \\\"\\\", weightUnit: \\\"\\\"}\\n  )\\n}\",\"name\":\"projects/rikskampen-75ff9/locations/europe-west1/services/rikskampens\",\"extensions\":{}}"}): FetchError: request to http://127.0.0.1:9399/v1beta/projects/rikskampen-75ff9/locations/europe-west1/services/rikskampens:executeGraphql failed, reason: connect ECONNREFUSED 127.0.0.1:9399
[info] [Firebase Plugin] Stopping Data Connect toolkit
[warn] !  Data Connect Emulator has exited upon receiving signal: SIGINT 
[debug] [2025-02-12T04:12:23.542Z] [Firebase Plugin] Activating Firebase extension.
[info] [Firebase Plugin] Checked firebase-tools, is up to date!
[debug] [2025-02-12T04:12:51.990Z] [Firebase Plugin] VSCode notification server listening on port 40001
[info] [Firebase Plugin] Starting Data Connect toolkit (version 1.7.7) on port 50001
[debug] [2025-02-12T04:13:03.712Z] I0212 09:13:03.680467   12948 control.go:59] [/emulator/rikskampens 2e8a] UpdateResources(): done
Schema: sources: schema\schema.gql [3049B] 
Connector "default": sources: connector\mutations.gql [1233B] connector\queries.gql [1802B] 
 {"metadata":{"emulator":{"name":"dataconnect"},"message":"I0212 09:13:03.680467   12948 control.go:59] [/emulator/rikskampens 2e8a] UpdateResources(): done\nSchema: sources: schema\\schema.gql [3049B] \nConnector \"default\": sources: connector\\mutations.gql [1233B] connector\\queries.gql [1802B] \n"}}
[debug] [2025-02-12T04:13:03.715Z] Ignoring unsupported arg: auto_download {"metadata":{"emulator":{"name":"dataconnect"},"message":"Ignoring unsupported arg: auto_download"}}
[debug] [2025-02-12T04:13:03.716Z] Ignoring unsupported arg: port {"metadata":{"emulator":{"name":"dataconnect"},"message":"Ignoring unsupported arg: port"}}
[debug] [2025-02-12T04:13:03.718Z] Starting Data Connect Emulator with command {"binary":"C:\\Users\\Nouman Khateeb\\.cache\\firebase\\emulators\\dataconnect-emulator-1.7.7.exe","args":["--logtostderr","-v=2","dev","--listen=localhost:50001","--config_dir=e:\\rikskampen\\dataconnect","--enable_output_schema_extensions=true","--enable_output_generated_sdk=true"],"optionalArgs":["listen","config_dir","enable_output_schema_extensions","enable_output_generated_sdk"],"joinArgs":true,"shell":false,"port":9399} {"metadata":{"emulator":{"name":"dataconnect"},"message":"Starting Data Connect Emulator with command {\"binary\":\"C:\\\\Users\\\\Nouman Khateeb\\\\.cache\\\\firebase\\\\emulators\\\\dataconnect-emulator-1.7.7.exe\",\"args\":[\"--logtostderr\",\"-v=2\",\"dev\",\"--listen=localhost:50001\",\"--config_dir=e:\\\\rikskampen\\\\dataconnect\",\"--enable_output_schema_extensions=true\",\"--enable_output_generated_sdk=true\"],\"optionalArgs\":[\"listen\",\"config_dir\",\"enable_output_schema_extensions\",\"enable_output_generated_sdk\"],\"joinArgs\":true,\"shell\":false,\"port\":9399}"}}
[info] i  dataconnect: Data Connect Emulator logging to dataconnect-debug.log {"metadata":{"emulator":{"name":"dataconnect"},"message":"Data Connect Emulator logging to \u001b[1mdataconnect-debug.log\u001b[22m"}}
[debug] [2025-02-12T04:13:04.118Z] I0212 09:13:03.929911   14452 load.go:37] Reloading schema and connectors...
 {"metadata":{"emulator":{"name":"dataconnect"},"message":"I0212 09:13:03.929911   14452 load.go:37] Reloading schema and connectors...\n"}}
[debug] [2025-02-12T04:13:05.239Z] I0212 09:13:05.048311   14452 control.go:59] [/emulator/rikskampens 32e5] UpdateResources(): done
Schema: sources: schema\schema.gql [3049B] 
Connector "default": sources: connector\mutations.gql [1233B] connector\queries.gql [1802B] 
 {"metadata":{"emulator":{"name":"dataconnect"},"message":"I0212 09:13:05.048311   14452 control.go:59] [/emulator/rikskampens 32e5] UpdateResources(): done\nSchema: sources: schema\\schema.gql [3049B] \nConnector \"default\": sources: connector\\mutations.gql [1233B] connector\\queries.gql [1802B] \n"}}
[debug] [2025-02-12T04:13:05.712Z] I0212 09:13:05.656628   14452 codegen.go:82] [connector "default" javascriptSdk] Generating sources into "e:\\rikskampen\\dataconnect-generated\\js\\default-connector"
 {"metadata":{"emulator":{"name":"dataconnect"},"message":"I0212 09:13:05.656628   14452 codegen.go:82] [connector \"default\" javascriptSdk] Generating sources into \"e:\\\\rikskampen\\\\dataconnect-generated\\\\js\\\\default-connector\"\n"}}
[debug] [2025-02-12T04:13:06.014Z] I0212 09:13:06.013198   14452 collector.go:107] schema extensions wrote into "e:\\rikskampen\\dataconnect\\.dataconnect\\schema"
Generated sources: prelude.gql [65151B] main\input.gql [22605B] main\query.gql [1014B] main\mutation.gql [3161B] 
 {"metadata":{"emulator":{"name":"dataconnect"},"message":"I0212 09:13:06.013198   14452 collector.go:107] schema extensions wrote into \"e:\\\\rikskampen\\\\dataconnect\\\\.dataconnect\\\\schema\"\nGenerated sources: prelude.gql [65151B] main\\input.gql [22605B] main\\query.gql [1014B] main\\mutation.gql [3161B] \n"}}
[debug] [2025-02-12T04:13:06.104Z] I0212 09:13:06.041195   14452 collector.go:107] connector "default" javascriptSdk wrote into "e:\\rikskampen\\dataconnect-generated\\js\\default-connector"
Generated sources: react\package.json [468B] react\esm\package.json [17B] react\index.cjs.js [102B] index.cjs.js [212B] package.json [836B] react\index.d.ts [128B] README.md [2740B] react\esm\index.esm.js [93B] index.d.ts [337B] esm\index.esm.js [171B] esm\package.json [17B] 
 {"metadata":{"emulator":{"name":"dataconnect"},"message":"I0212 09:13:06.041195   14452 collector.go:107] connector \"default\" javascriptSdk wrote into \"e:\\\\rikskampen\\\\dataconnect-generated\\\\js\\\\default-connector\"\nGenerated sources: react\\package.json [468B] react\\esm\\package.json [17B] react\\index.cjs.js [102B] index.cjs.js [212B] package.json [836B] react\\index.d.ts [128B] README.md [2740B] react\\esm\\index.esm.js [93B] index.d.ts [337B] esm\\index.esm.js [171B] esm\\package.json [17B] \n"}}
[debug] [2025-02-12T04:13:06.634Z] I0212 09:13:06.632476   14452 installsdk.go:76] Running command: C:\Program Files\nodejs\npm.cmd install file:dataconnect-generated\js\default-connector
 {"metadata":{"emulator":{"name":"dataconnect"},"message":"I0212 09:13:06.632476   14452 installsdk.go:76] Running command: C:\\Program Files\\nodejs\\npm.cmd install file:dataconnect-generated\\js\\default-connector\n"}}
[debug] [2025-02-12T04:13:18.124Z] I0212 09:13:18.125122   14452 load.go:115] Finished reloading
 {"metadata":{"emulator":{"name":"dataconnect"},"message":"I0212 09:13:18.125122   14452 load.go:115] Finished reloading\n"}}
[debug] [2025-02-12T04:13:18.175Z] I0212 09:13:18.175834   14452 dev.go:95] Listening on address (HTTP + gRPC): 127.0.0.1:50001
 {"metadata":{"emulator":{"name":"dataconnect"},"message":"I0212 09:13:18.175834   14452 dev.go:95] Listening on address (HTTP + gRPC): 127.0.0.1:50001\n"}}
[info] [Firebase Plugin] Stopping Data Connect toolkit
[warn] !  Data Connect Emulator has exited upon receiving signal: SIGINT 
[debug] [2025-02-12T05:55:31.615Z] [Firebase Plugin] Activating Firebase extension.
[info] [Firebase Plugin] Checked firebase-tools, is up to date!
[debug] [2025-02-12T05:56:24.799Z] [Firebase Plugin] VSCode notification server listening on port 40001
[info] [Firebase Plugin] Starting Data Connect toolkit (version 1.7.7) on port 50001
[debug] [2025-02-12T05:56:30.921Z] I0212 10:56:30.837974   14316 control.go:59] [/emulator/rikskampens 0f85] UpdateResources(): done
Schema: sources: schema\schema.gql [3049B] 
Connector "default": sources: connector\mutations.gql [1233B] connector\queries.gql [1802B] 
 {"metadata":{"emulator":{"name":"dataconnect"},"message":"I0212 10:56:30.837974   14316 control.go:59] [/emulator/rikskampens 0f85] UpdateResources(): done\nSchema: sources: schema\\schema.gql [3049B] \nConnector \"default\": sources: connector\\mutations.gql [1233B] connector\\queries.gql [1802B] \n"}}
[debug] [2025-02-12T05:56:30.927Z] Ignoring unsupported arg: auto_download {"metadata":{"emulator":{"name":"dataconnect"},"message":"Ignoring unsupported arg: auto_download"}}
[debug] [2025-02-12T05:56:30.928Z] Ignoring unsupported arg: port {"metadata":{"emulator":{"name":"dataconnect"},"message":"Ignoring unsupported arg: port"}}
[debug] [2025-02-12T05:56:30.930Z] Starting Data Connect Emulator with command {"binary":"C:\\Users\\Nouman Khateeb\\.cache\\firebase\\emulators\\dataconnect-emulator-1.7.7.exe","args":["--logtostderr","-v=2","dev","--listen=localhost:50001","--config_dir=e:\\rikskampen\\dataconnect","--enable_output_schema_extensions=true","--enable_output_generated_sdk=true"],"optionalArgs":["listen","config_dir","enable_output_schema_extensions","enable_output_generated_sdk"],"joinArgs":true,"shell":false,"port":9399} {"metadata":{"emulator":{"name":"dataconnect"},"message":"Starting Data Connect Emulator with command {\"binary\":\"C:\\\\Users\\\\Nouman Khateeb\\\\.cache\\\\firebase\\\\emulators\\\\dataconnect-emulator-1.7.7.exe\",\"args\":[\"--logtostderr\",\"-v=2\",\"dev\",\"--listen=localhost:50001\",\"--config_dir=e:\\\\rikskampen\\\\dataconnect\",\"--enable_output_schema_extensions=true\",\"--enable_output_generated_sdk=true\"],\"optionalArgs\":[\"listen\",\"config_dir\",\"enable_output_schema_extensions\",\"enable_output_generated_sdk\"],\"joinArgs\":true,\"shell\":false,\"port\":9399}"}}
[info] i  dataconnect: Data Connect Emulator logging to dataconnect-debug.log {"metadata":{"emulator":{"name":"dataconnect"},"message":"Data Connect Emulator logging to \u001b[1mdataconnect-debug.log\u001b[22m"}}
[debug] [2025-02-12T05:56:39.481Z] I0212 10:56:33.089415   14140 load.go:37] Reloading schema and connectors...
I0212 10:56:34.486152   14140 control.go:59] [/emulator/rikskampens 170f] UpdateResources(): done
Schema: sources: schema\schema.gql [3049B] 
Connector "default": sources: connector\mutations.gql [1233B] connector\queries.gql [1802B] 
I0212 10:56:35.748243   14140 codegen.go:82] [connector "default" javascriptSdk] Generating sources into "e:\\rikskampen\\dataconnect-generated\\js\\default-connector"
I0212 10:56:35.779237   14140 collector.go:107] schema extensions wrote into "e:\\rikskampen\\dataconnect\\.dataconnect\\schema"
Generated sources: main\mutation.gql [3161B] prelude.gql [65151B] main\input.gql [22605B] main\query.gql [1014B] 
I0212 10:56:35.796238   14140 collector.go:107] connector "default" javascriptSdk wrote into "e:\\rikskampen\\dataconnect-generated\\js\\default-connector"
Generated sources: react\esm\package.json [17B] react\esm\index.esm.js [93B] esm\index.esm.js [171B] esm\package.json [17B] index.cjs.js [212B] README.md [2740B] react\index.cjs.js [102B] index.d.ts [337B] package.json [836B] react\index.d.ts [128B] react\package.json [468B] 
I0212 10:56:36.202746   14140 installsdk.go:76] Running command: C:\Program Files\nodejs\npm.cmd install file:dataconnect-generated\js\default-connector
 {"metadata":{"emulator":{"name":"dataconnect"},"message":"I0212 10:56:33.089415   14140 load.go:37] Reloading schema and connectors...\nI0212 10:56:34.486152   14140 control.go:59] [/emulator/rikskampens 170f] UpdateResources(): done\nSchema: sources: schema\\schema.gql [3049B] \nConnector \"default\": sources: connector\\mutations.gql [1233B] connector\\queries.gql [1802B] \nI0212 10:56:35.748243   14140 codegen.go:82] [connector \"default\" javascriptSdk] Generating sources into \"e:\\\\rikskampen\\\\dataconnect-generated\\\\js\\\\default-connector\"\nI0212 10:56:35.779237   14140 collector.go:107] schema extensions wrote into \"e:\\\\rikskampen\\\\dataconnect\\\\.dataconnect\\\\schema\"\nGenerated sources: main\\mutation.gql [3161B] prelude.gql [65151B] main\\input.gql [22605B] main\\query.gql [1014B] \nI0212 10:56:35.796238   14140 collector.go:107] connector \"default\" javascriptSdk wrote into \"e:\\\\rikskampen\\\\dataconnect-generated\\\\js\\\\default-connector\"\nGenerated sources: react\\esm\\package.json [17B] react\\esm\\index.esm.js [93B] esm\\index.esm.js [171B] esm\\package.json [17B] index.cjs.js [212B] README.md [2740B] react\\index.cjs.js [102B] index.d.ts [337B] package.json [836B] react\\index.d.ts [128B] react\\package.json [468B] \nI0212 10:56:36.202746   14140 installsdk.go:76] Running command: C:\\Program Files\\nodejs\\npm.cmd install file:dataconnect-generated\\js\\default-connector\n"}}
[debug] [2025-02-12T05:57:06.398Z] I0212 10:57:06.398886   14140 load.go:115] Finished reloading
 {"metadata":{"emulator":{"name":"dataconnect"},"message":"I0212 10:57:06.398886   14140 load.go:115] Finished reloading\n"}}
[debug] [2025-02-12T05:57:06.511Z] I0212 10:57:06.511990   14140 dev.go:95] Listening on address (HTTP + gRPC): 127.0.0.1:50001
 {"metadata":{"emulator":{"name":"dataconnect"},"message":"I0212 10:57:06.511990   14140 dev.go:95] Listening on address (HTTP + gRPC): 127.0.0.1:50001\n"}}
[debug] [2025-02-12T05:59:33.005Z] [Firebase Plugin] Value of process.env.MONOSPACE_ENV: undefined
[debug] [2025-02-12T05:59:33.009Z] [Firebase Plugin] requireAuthWrapper
[debug] [2025-02-12T05:59:33.020Z] > command requires scopes: ["email","openid","https://www.googleapis.com/auth/cloudplatformprojects.readonly","https://www.googleapis.com/auth/firebase","https://www.googleapis.com/auth/cloud-platform"]
[debug] [2025-02-12T05:59:33.022Z] > authorizing via signed-in user (noumankhateeb.office@gmail.com)
[debug] [2025-02-12T05:59:33.026Z] Checked if tokens are valid: false, expires at: 1739278126939
[debug] [2025-02-12T05:59:33.027Z] Checked if tokens are valid: false, expires at: 1739278126939
[debug] [2025-02-12T05:59:33.029Z] > refreshing access token with scopes: []
[debug] [2025-02-12T05:59:33.036Z] >>> [apiv2][query] POST https://www.googleapis.com/oauth2/v3/token [none]
[debug] [2025-02-12T05:59:33.038Z] >>> [apiv2][body] POST https://www.googleapis.com/oauth2/v3/token [omitted]
[debug] [2025-02-12T05:59:33.049Z] [Firebase Plugin] Value of process.env.MONOSPACE_ENV: undefined
[debug] [2025-02-12T05:59:33.052Z] [Firebase Plugin] requireAuthWrapper
[debug] [2025-02-12T05:59:33.056Z] > command requires scopes: ["email","openid","https://www.googleapis.com/auth/cloudplatformprojects.readonly","https://www.googleapis.com/auth/firebase","https://www.googleapis.com/auth/cloud-platform"]
[debug] [2025-02-12T05:59:33.057Z] > authorizing via signed-in user (noumankhateeb.office@gmail.com)
[debug] [2025-02-12T05:59:33.060Z] Checked if tokens are valid: false, expires at: 1739278126939
[debug] [2025-02-12T05:59:33.061Z] Checked if tokens are valid: false, expires at: 1739278126939
[debug] [2025-02-12T05:59:33.062Z] > refreshing access token with scopes: []
[debug] [2025-02-12T05:59:33.065Z] >>> [apiv2][query] POST https://www.googleapis.com/oauth2/v3/token [none]
[debug] [2025-02-12T05:59:33.066Z] >>> [apiv2][body] POST https://www.googleapis.com/oauth2/v3/token [omitted]
[debug] [2025-02-12T05:59:33.539Z] <<< [apiv2][status] POST https://www.googleapis.com/oauth2/v3/token 200
[debug] [2025-02-12T05:59:33.540Z] <<< [apiv2][body] POST https://www.googleapis.com/oauth2/v3/token [omitted]
[debug] [2025-02-12T05:59:33.590Z] [Firebase Plugin] User found:  noumankhateeb.office@gmail.com
[info] [Firebase Plugin] (Core:Project) New user detected, fetching projects
[debug] [2025-02-12T05:59:33.597Z] Checked if tokens are valid: true, expires at: 1739343572542
[debug] [2025-02-12T05:59:33.601Z] >>> [apiv2][query] GET https://firebase.googleapis.com/v1beta1/projects pageSize=1000
[debug] [2025-02-12T05:59:33.653Z] <<< [apiv2][status] POST https://www.googleapis.com/oauth2/v3/token 200
[debug] [2025-02-12T05:59:33.655Z] <<< [apiv2][body] POST https://www.googleapis.com/oauth2/v3/token [omitted]
[debug] [2025-02-12T05:59:33.713Z] [Firebase Plugin] User found:  noumankhateeb.office@gmail.com
[info] [Firebase Plugin] (Core:Project) New user detected, fetching projects
[debug] [2025-02-12T05:59:33.717Z] Checked if tokens are valid: true, expires at: 1739343572656
[debug] [2025-02-12T05:59:33.719Z] >>> [apiv2][query] GET https://firebase.googleapis.com/v1beta1/projects pageSize=1000
[debug] [2025-02-12T05:59:34.400Z] <<< [apiv2][status] GET https://firebase.googleapis.com/v1beta1/projects 200
[debug] [2025-02-12T05:59:34.401Z] <<< [apiv2][body] GET https://firebase.googleapis.com/v1beta1/projects [omitted]
[debug] [2025-02-12T05:59:34.859Z] <<< [apiv2][status] GET https://firebase.googleapis.com/v1beta1/projects 200
[debug] [2025-02-12T05:59:34.860Z] <<< [apiv2][body] GET https://firebase.googleapis.com/v1beta1/projects [omitted]
[debug] [2025-02-12T06:00:11.305Z] [Firebase Plugin] Received CLI notification.
[debug] [2025-02-12T06:00:11.419Z] [Firebase Plugin] Received emulators shutdown notification.
[debug] [2025-02-12T06:12:02.599Z] [Firebase Plugin] Received CLI notification.
[debug] [2025-02-12T06:12:02.845Z] [Firebase Plugin] Received emulators shutdown notification.
